#
# There is insufficient memory for the Java Runtime Environment to continue.
# Native memory allocation (mmap) failed to map 268435456 bytes for G1 virtual space
# Possible reasons:
#   The system is out of physical RAM or swap space
#   The process is running with CompressedOops enabled, and the Java Heap may be blocking the growth of the native heap
# Possible solutions:
#   Reduce memory load on the system
#   Increase physical memory or swap space
#   Check if swap backing store is full
#   Decrease Java heap size (-Xmx/-Xms)
#   Decrease number of Java threads
#   Decrease Java thread stack sizes (-Xss)
#   Set larger code cache with -XX:ReservedCodeCacheSize=
#   JVM is running with Zero Based Compressed Oops mode in which the Java heap is
#     placed in the first 32GB address space. The Java Heap base address is the
#     maximum limit for the native heap growth. Please use -XX:HeapBaseMinAddress
#     to set the Java Heap base and to place the Java Heap above 32GB virtual address.
# This output file may be truncated or incomplete.
#
#  Out of Memory Error (os_windows.cpp:3617), pid=17352, tid=10944
#
# JRE version:  (17.0.8.1+8) (build )
# Java VM: OpenJDK 64-Bit Server VM (17.0.8.1+8-LTS, mixed mode, emulated-client, sharing, tiered, compressed oops, compressed class ptrs, g1 gc, windows-amd64)
# No core dump will be written. Minidumps are not enabled by default on client versions of Windows
#

---------------  S U M M A R Y ------------

Command Line: -XX:TieredStopAtLevel=1 -Dspring.output.ansi.enabled=always -Dcom.sun.management.jmxremote -Dspring.jmx.enabled=true -Dspring.liveBeansView.mbeanDomain -Dspring.application.admin.enabled=true -Dmanagement.endpoints.jmx.exposure.include=* -javaagent:C:\Program Files\JetBrains\IntelliJ IDEA 2022.3\lib\idea_rt.jar=61791:C:\Program Files\JetBrains\IntelliJ IDEA 2022.3\bin -Dfile.encoding=UTF-8 com.example.frontendbackenddatabasepractice.FrontendBackendDatabasePracticeApplication

Host: Intel(R) Core(TM) i5-10400F CPU @ 2.90GHz, 12 cores, 15G,  Windows 10 , 64 bit Build 19041 (10.0.19041.3570)
Time: Tue Nov 14 00:22:40 2023  Windows 10 , 64 bit Build 19041 (10.0.19041.3570) elapsed time: 0.017156 seconds (0d 0h 0m 0s)

---------------  T H R E A D  ---------------

Current thread (0x000001e04fffbdf0):  JavaThread "Unknown thread" [_thread_in_vm, id=10944, stack(0x000000ac54800000,0x000000ac54900000)]

Stack: [0x000000ac54800000,0x000000ac54900000]
Native frames: (J=compiled Java code, j=interpreted, Vv=VM code, C=native code)
V  [jvm.dll+0x64c9da]
V  [jvm.dll+0x800834]
V  [jvm.dll+0x801fee]
V  [jvm.dll+0x802643]
V  [jvm.dll+0x23715b]
V  [jvm.dll+0x64977a]
V  [jvm.dll+0x63e1ca]
V  [jvm.dll+0x2f5e99]
V  [jvm.dll+0x2fd096]
V  [jvm.dll+0x349b7a]
V  [jvm.dll+0x349dbf]
V  [jvm.dll+0x2cc0d8]
V  [jvm.dll+0x2cd069]
V  [jvm.dll+0x7d4491]
V  [jvm.dll+0x357051]
V  [jvm.dll+0x7b485e]
V  [jvm.dll+0x3d45f3]
V  [jvm.dll+0x3d6041]
C  [jli.dll+0x51bf]
C  [ucrtbase.dll+0x21bb2]
C  [KERNEL32.DLL+0x17344]
C  [ntdll.dll+0x526b1]


---------------  P R O C E S S  ---------------

Threads class SMR info:
_java_thread_list=0x00007ffc6410f898, length=0, elements={
}

Java Threads: ( => current thread )

Other Threads:
  0x000001e050069220 GCTaskThread "GC Thread#0" [stack: 0x000000ac54900000,0x000000ac54a00000] [id=2456]
  0x000001e050079f80 ConcurrentGCThread "G1 Main Marker" [stack: 0x000000ac54a00000,0x000000ac54b00000] [id=15940]
  0x000001e05007c0f0 ConcurrentGCThread "G1 Conc#0" [stack: 0x000000ac54b00000,0x000000ac54c00000] [id=17084]

[error occurred during error reporting (printing all threads), id 0xc0000005, EXCEPTION_ACCESS_VIOLATION (0xc0000005) at pc=0x00007ffc638fd377]

VM state: not at safepoint (not fully initialized)

VM Mutex/Monitor currently owned by a thread:  ([mutex/lock_event])
[0x000001e04fff7ec0] Heap_lock - owner thread: 0x000001e04fffbdf0

Heap address: 0x0000000701000000, size: 4080 MB, Compressed Oops mode: Zero based, Oop shift amount: 3

CDS archive(s) mapped at: [0x0000000000000000-0x0000000000000000-0x0000000000000000), size 0, SharedBaseAddress: 0x0000000800000000, ArchiveRelocationMode: 1.
Narrow klass base: 0x0000000000000000, Narrow klass shift: 0, Narrow klass range: 0x0

GC Precious Log:
<Empty>

Heap:
 garbage-first heap   total 0K, used 0K [0x0000000701000000, 0x0000000800000000)
  region size 2048K, 0 young (0K), 0 survivors (0K)

[error occurred during error reporting (printing heap information), id 0xc0000005, EXCEPTION_ACCESS_VIOLATION (0xc0000005) at pc=0x00007ffc63cc4bd9]

GC Heap History (0 events):
No events

Dll operation events (1 events):
Event: 0.012 Loaded shared library C:\Users\user\.jdks\corretto-17.0.8.1\bin\java.dll

Deoptimization events (0 events):
No events

Classes unloaded (0 events):
No events

Classes redefined (0 events):
No events

Internal exceptions (0 events):
No events

VM Operations (0 events):
No events

Events (0 events):
No events


Dynamic libraries:
0x00007ff6b8140000 - 0x00007ff6b814d000 	C:\Users\user\.jdks\corretto-17.0.8.1\bin\java.exe
0x00007ffcca9f0000 - 0x00007ffccabe7000 	C:\WINDOWS\SYSTEM32\ntdll.dll
0x00007ffcc9690000 - 0x00007ffcc974d000 	C:\WINDOWS\System32\KERNEL32.DLL
0x00007ffcc80d0000 - 0x00007ffcc83c6000 	C:\WINDOWS\System32\KERNELBASE.dll
0x00007ffcc8460000 - 0x00007ffcc8560000 	C:\WINDOWS\System32\ucrtbase.dll
0x00007ffcb12d0000 - 0x00007ffcb12e5000 	C:\Users\user\.jdks\corretto-17.0.8.1\bin\VCRUNTIME140.dll
0x00007ffcaeab0000 - 0x00007ffcaeac7000 	C:\Users\user\.jdks\corretto-17.0.8.1\bin\jli.dll
0x00007ffcc9cf0000 - 0x00007ffcc9e8e000 	C:\WINDOWS\System32\USER32.dll
0x00007ffcc86e0000 - 0x00007ffcc8702000 	C:\WINDOWS\System32\win32u.dll
0x00007ffcc9430000 - 0x00007ffcc945c000 	C:\WINDOWS\System32\GDI32.dll
0x00007ffcc8710000 - 0x00007ffcc882a000 	C:\WINDOWS\System32\gdi32full.dll
0x00007ffcc8560000 - 0x00007ffcc85fd000 	C:\WINDOWS\System32\msvcp_win.dll
0x00007ffcba810000 - 0x00007ffcbaaaa000 	C:\WINDOWS\WinSxS\amd64_microsoft.windows.common-controls_6595b64144ccf1df_6.0.19041.3570_none_60bb2a3971f3e41a\COMCTL32.dll
0x00007ffcc8bf0000 - 0x00007ffcc8c8e000 	C:\WINDOWS\System32\msvcrt.dll
0x00007ffcc9660000 - 0x00007ffcc9690000 	C:\WINDOWS\System32\IMM32.DLL
0x00007ffc999f0000 - 0x00007ffc99a8b000 	C:\Users\user\.jdks\corretto-17.0.8.1\bin\msvcp140.dll
0x00007ffc63620000 - 0x00007ffc6423d000 	C:\Users\user\.jdks\corretto-17.0.8.1\bin\server\jvm.dll
0x00007ffcca010000 - 0x00007ffcca0be000 	C:\WINDOWS\System32\ADVAPI32.dll
0x00007ffcc8ac0000 - 0x00007ffcc8b5c000 	C:\WINDOWS\System32\sechost.dll
0x00007ffcca130000 - 0x00007ffcca256000 	C:\WINDOWS\System32\RPCRT4.dll
0x00007ffcc7f30000 - 0x00007ffcc7f7b000 	C:\WINDOWS\SYSTEM32\POWRPROF.dll
0x00007ffcc3ab0000 - 0x00007ffcc3ab9000 	C:\WINDOWS\SYSTEM32\WSOCK32.dll
0x00007ffcbda00000 - 0x00007ffcbda27000 	C:\WINDOWS\SYSTEM32\WINMM.dll
0x00007ffcc8ef0000 - 0x00007ffcc8f5b000 	C:\WINDOWS\System32\WS2_32.dll
0x00007ffcc2b60000 - 0x00007ffcc2b6a000 	C:\WINDOWS\SYSTEM32\VERSION.dll
0x00007ffcc7f10000 - 0x00007ffcc7f22000 	C:\WINDOWS\SYSTEM32\UMPDC.dll
0x00007ffcc5f50000 - 0x00007ffcc5f62000 	C:\WINDOWS\SYSTEM32\kernel.appcore.dll
0x00007ffcb26a0000 - 0x00007ffcb26aa000 	C:\Users\user\.jdks\corretto-17.0.8.1\bin\jimage.dll
0x00007ffcbd000000 - 0x00007ffcbd1e4000 	C:\WINDOWS\SYSTEM32\DBGHELP.DLL
0x00007ffcafe60000 - 0x00007ffcafe94000 	C:\WINDOWS\SYSTEM32\dbgcore.DLL
0x00007ffcc83d0000 - 0x00007ffcc8452000 	C:\WINDOWS\System32\bcryptPrimitives.dll
0x00007ffcb1150000 - 0x00007ffcb115e000 	C:\Users\user\.jdks\corretto-17.0.8.1\bin\instrument.dll
0x00007ffcab420000 - 0x00007ffcab445000 	C:\Users\user\.jdks\corretto-17.0.8.1\bin\java.dll

dbghelp: loaded successfully - version: 4.0.5 - missing functions: none
symbol engine: initialized successfully - sym options: 0x614 - pdb path: .;C:\Users\user\.jdks\corretto-17.0.8.1\bin;C:\WINDOWS\SYSTEM32;C:\WINDOWS\WinSxS\amd64_microsoft.windows.common-controls_6595b64144ccf1df_6.0.19041.3570_none_60bb2a3971f3e41a;C:\Users\user\.jdks\corretto-17.0.8.1\bin\server

VM Arguments:
jvm_args: -XX:TieredStopAtLevel=1 -Dspring.output.ansi.enabled=always -Dcom.sun.management.jmxremote -Dspring.jmx.enabled=true -Dspring.liveBeansView.mbeanDomain -Dspring.application.admin.enabled=true -Dmanagement.endpoints.jmx.exposure.include=* -javaagent:C:\Program Files\JetBrains\IntelliJ IDEA 2022.3\lib\idea_rt.jar=61791:C:\Program Files\JetBrains\IntelliJ IDEA 2022.3\bin -Dfile.encoding=UTF-8 
java_command: com.example.frontendbackenddatabasepractice.FrontendBackendDatabasePracticeApplication
java_class_path (initial): C:\study\frontend-backend-database-practice\build\classes\java\main;C:\study\frontend-backend-database-practice\build\resources\main;C:\Users\user\.gradle\caches\modules-2\files-2.1\org.projectlombok\lombok\1.18.30\f195ee86e6c896ea47a1d39defbe20eb59cd149d\lombok-1.18.30.jar;C:\Users\user\.gradle\caches\modules-2\files-2.1\org.springframework.boot\spring-boot-starter-web\2.7.17\aeb473ae622bc61e5cd153384c0a57ff4a75b5b7\spring-boot-starter-web-2.7.17.jar;C:\Users\user\.gradle\caches\modules-2\files-2.1\org.apache.tomcat.embed\tomcat-embed-jasper\9.0.82\37ff9682a7699938f918e04b86a6221446c706eb\tomcat-embed-jasper-9.0.82.jar;C:\Users\user\.gradle\caches\modules-2\files-2.1\javax.servlet\jstl\1.2\74aca283cd4f4b4f3e425f5820cda58f44409547\jstl-1.2.jar;C:\Users\user\.gradle\caches\modules-2\files-2.1\org.springframework.boot\spring-boot-starter-json\2.7.17\a55883f776d124b1c25455d237292e3cb6ec0800\spring-boot-starter-json-2.7.17.jar;C:\Users\user\.gradle\caches\modules-2\files-2.1\org.springframework.boot\spring-boot-starter\2.7.17\1924c65f5e42bbdadfbbd11b8abad5ac1fcbdaf\spring-boot-starter-2.7.17.jar;C:\Users\user\.gradle\caches\modules-2\files-2.1\org.springframework.boot\spring-boot-starter-tomcat\2.7.17\ff7e056a41de66c04c91fc5a937dfb85c4436a9c\spring-boot-starter-tomcat-2.7.17.jar;C:\Users\user\.gradle\caches\modules-2\files-2.1\org.springframework\spring-webmvc\5.3.30\67ad9ebc6189c91942a52328f58d824cd3171fd9\spring-webmvc-5.3.30.jar;C:\Users\user\.gradle\caches\modules-2\files-2.1\org.springframework\spring-web\5.3.30\e1a1fd179650d4ccbf95d3f475bf1050a1a84484\spring-web-5.3.30.jar;C:\Users\user\.gradle\caches\modules-2\files-2.1\org.apache.tomcat.embed\tomcat-embed-core\9.0.82\717d7aeaeb5cace5c021eb43f60f32ca8fa70b49\tomcat-embed-core-9.0.82.jar;C:\Users\user\.gradle\caches\modules-2\files-2.1\org.apache.tomcat.embed\tomcat-embed-el\9.0.82\a795b1cc0b8be625dfd70049641d21d2e30d07c4\tomcat-embed-el-9.0.82.jar;C:\Users\user\.gradle\caches\modules-
Launcher Type: SUN_STANDARD

[Global flags]
     intx CICompilerCount                          = 4                                         {product} {ergonomic}
     uint ConcGCThreads                            = 3                                         {product} {ergonomic}
     uint G1ConcRefinementThreads                  = 10                                        {product} {ergonomic}
   size_t G1HeapRegionSize                         = 2097152                                   {product} {ergonomic}
    uintx GCDrainStackTargetSize                   = 64                                        {product} {ergonomic}
   size_t InitialHeapSize                          = 268435456                                 {product} {ergonomic}
     bool ManagementServer                         = true                                      {product} {command line}
   size_t MarkStackSize                            = 4194304                                   {product} {ergonomic}
   size_t MaxHeapSize                              = 4278190080                                {product} {ergonomic}
   size_t MinHeapDeltaBytes                        = 2097152                                   {product} {ergonomic}
   size_t MinHeapSize                              = 8388608                                   {product} {ergonomic}
    uintx NonProfiledCodeHeapSize                  = 0                                      {pd product} {ergonomic}
     bool ProfileInterpreter                       = false                                  {pd product} {command line}
    uintx ProfiledCodeHeapSize                     = 0                                      {pd product} {ergonomic}
   size_t SoftMaxHeapSize                          = 4278190080                             {manageable} {ergonomic}
     intx TieredStopAtLevel                        = 1                                         {product} {command line}
     bool UseCompressedClassPointers               = true                           {product lp64_product} {ergonomic}
     bool UseCompressedOops                        = true                           {product lp64_product} {ergonomic}
     bool UseG1GC                                  = true                                      {product} {ergonomic}
     bool UseLargePagesIndividualAllocation        = false                                  {pd product} {ergonomic}

Logging:
Log output configuration:
 #0: stdout all=warning uptime,level,tags
 #1: stderr all=off uptime,level,tags

Environment Variables:
JAVA_HOME=C:\Program Files\Java\jdk-11
PATH=C:\Program Files\Common Files\Oracle\Java\javapath;C:\oraclexe\app\oracle\product\11.2.0\server\bin;"C:\ProgramData\Oracle\Java\javapath;C:\Program Files\Java\jdk1.8.0_151\bin";C:\WINDOWS\system32;C:\WINDOWS;C:\WINDOWS\System32\Wbem;C:\WINDOWS\System32\WindowsPowerShell\v1.0\;C:\WINDOWS\System32\OpenSSH\;C:\Program Files\Java\jdk1.8.0_281\bin;C:\Program Files\MySQL\MySQL Server 5.6\bin;C:\Program Files\Git\cmd;C:\Program Files\Perforce\;C:\Program Files\Bandizip\;C:\Program Files\Java\jdk-11\bin;C:\Users\user\AppData\Local\Microsoft\WindowsApps;;C:\Program Files\JetBrains\IntelliJ IDEA 2022.3\bin;;C:\Users\user\AppData\Local\Programs\Microsoft VS Code\bin;C:\Program Files (x86)\ESTsoft\ALSee\x64
USERNAME=user
OS=Windows_NT
PROCESSOR_IDENTIFIER=Intel64 Family 6 Model 165 Stepping 3, GenuineIntel
TMP=C:\Users\user\AppData\Local\Temp
TEMP=C:\Users\user\AppData\Local\Temp



---------------  S Y S T E M  ---------------

OS:
 Windows 10 , 64 bit Build 19041 (10.0.19041.3570)
OS uptime: 0 days 17:28 hours
Hyper-V role detected

CPU: total 12 (initial active 12) (6 cores per cpu, 2 threads per core) family 6 model 165 stepping 3 microcode 0xcc, cx8, cmov, fxsr, ht, mmx, 3dnowpref, sse, sse2, sse3, ssse3, sse4.1, sse4.2, popcnt, lzcnt, tsc, tscinvbit, avx, avx2, aes, erms, clmul, bmi1, bmi2, adx, fma, vzeroupper, clflush, clflushopt, hv
Processor Information for all 12 processors :
  Max Mhz: 2904, Current Mhz: 2904, Mhz Limit: 2904

Memory: 4k page, system-wide physical 16317M (4170M free)
TotalPageFile size 16317M (AvailPageFile size 150M)
current process WorkingSet (physical memory assigned to process): 10M, peak: 10M
current process commit charge ("private bytes"): 59M, peak: 315M

vm_info: OpenJDK 64-Bit Server VM (17.0.8.1+8-LTS) for windows-amd64 JRE (17.0.8.1+8-LTS), built on Aug 19 2023 03:47:39 by "Administrator" with MS VC++ 15.9 (VS2017)

END.
