#
# There is insufficient memory for the Java Runtime Environment to continue.
# Native memory allocation (mmap) failed to map 268435456 bytes for G1 virtual space
# Possible reasons:
#   The system is out of physical RAM or swap space
#   The process is running with CompressedOops enabled, and the Java Heap may be blocking the growth of the native heap
# Possible solutions:
#   Reduce memory load on the system
#   Increase physical memory or swap space
#   Check if swap backing store is full
#   Decrease Java heap size (-Xmx/-Xms)
#   Decrease number of Java threads
#   Decrease Java thread stack sizes (-Xss)
#   Set larger code cache with -XX:ReservedCodeCacheSize=
#   JVM is running with Unscaled Compressed Oops mode in which the Java heap is
#     placed in the first 4GB address space. The Java Heap base address is the
#     maximum limit for the native heap growth. Please use -XX:HeapBaseMinAddress
#     to set the Java Heap base and to place the Java Heap above 4GB virtual address.
# This output file may be truncated or incomplete.
#
#  Out of Memory Error (os_windows.cpp:3617), pid=15948, tid=3552
#
# JRE version:  (17.0.8.1+8) (build )
# Java VM: OpenJDK 64-Bit Server VM (17.0.8.1+8-LTS, mixed mode, sharing, tiered, compressed oops, compressed class ptrs, g1 gc, windows-amd64)
# No core dump will be written. Minidumps are not enabled by default on client versions of Windows
#

---------------  S U M M A R Y ------------

Command Line: -Dorg.gradle.internal.worker.tmpdir=C:\study\frontend-backend-database-practice\build\tmp\test\work -Dorg.gradle.native=false -Xmx512m -Dfile.encoding=UTF-8 -Duser.country=KR -Duser.language=ko -Duser.variant -ea worker.org.gradle.process.internal.worker.GradleWorkerMain 'Gradle Test Executor 1'

Host: Intel(R) Core(TM) i5-10400F CPU @ 2.90GHz, 12 cores, 15G,  Windows 10 , 64 bit Build 19041 (10.0.19041.3570)
Time: Fri Nov 17 00:49:40 2023  Windows 10 , 64 bit Build 19041 (10.0.19041.3570) elapsed time: 0.031008 seconds (0d 0h 0m 0s)

---------------  T H R E A D  ---------------

Current thread (0x000002c03231d020):  JavaThread "Unknown thread" [_thread_in_vm, id=3552, stack(0x000000e0e3d00000,0x000000e0e3e00000)]

Stack: [0x000000e0e3d00000,0x000000e0e3e00000]
Native frames: (J=compiled Java code, j=interpreted, Vv=VM code, C=native code)
V  [jvm.dll+0x64c9da]
V  [jvm.dll+0x800834]
V  [jvm.dll+0x801fee]
V  [jvm.dll+0x802643]
V  [jvm.dll+0x23715b]
V  [jvm.dll+0x64977a]
V  [jvm.dll+0x63e1ca]
V  [jvm.dll+0x2f5e99]
V  [jvm.dll+0x2fd096]
V  [jvm.dll+0x349b7a]
V  [jvm.dll+0x349dbf]
V  [jvm.dll+0x2cc0d8]
V  [jvm.dll+0x2cd069]
V  [jvm.dll+0x7d4491]
V  [jvm.dll+0x357051]
V  [jvm.dll+0x7b485e]
V  [jvm.dll+0x3d45f3]
V  [jvm.dll+0x3d6041]
C  [jli.dll+0x51bf]
C  [ucrtbase.dll+0x21bb2]
C  [KERNEL32.DLL+0x17344]
C  [ntdll.dll+0x526b1]


---------------  P R O C E S S  ---------------

Threads class SMR info:
_java_thread_list=0x00007ffe294ef898, length=0, elements={
}

Java Threads: ( => current thread )

Other Threads:
  0x000002c0323499c0 GCTaskThread "GC Thread#0" [stack: 0x000000e0e3e00000,0x000000e0e3f00000] [id=11192]
  0x000002c03234e820 ConcurrentGCThread "G1 Main Marker" [stack: 0x000000e0e3f00000,0x000000e0e4000000] [id=6036]
  0x000002c0323518f0 ConcurrentGCThread "G1 Conc#0" [stack: 0x000000e0e4000000,0x000000e0e4100000] [id=9612]

[error occurred during error reporting (printing all threads), id 0xc0000005, EXCEPTION_ACCESS_VIOLATION (0xc0000005) at pc=0x00007ffe28cdd377]

VM state: not at safepoint (not fully initialized)

VM Mutex/Monitor currently owned by a thread:  ([mutex/lock_event])
[0x000002c032318f40] Heap_lock - owner thread: 0x000002c03231d020

Heap address: 0x00000000e0000000, size: 512 MB, Compressed Oops mode: 32-bit

CDS archive(s) mapped at: [0x0000000000000000-0x0000000000000000-0x0000000000000000), size 0, SharedBaseAddress: 0x0000000800000000, ArchiveRelocationMode: 1.
Narrow klass base: 0x0000000000000000, Narrow klass shift: 0, Narrow klass range: 0x0

GC Precious Log:
<Empty>

Heap:
 garbage-first heap   total 0K, used 0K [0x00000000e0000000, 0x0000000100000000)
  region size 1024K, 0 young (0K), 0 survivors (0K)

[error occurred during error reporting (printing heap information), id 0xc0000005, EXCEPTION_ACCESS_VIOLATION (0xc0000005) at pc=0x00007ffe290a4bd9]

GC Heap History (0 events):
No events

Dll operation events (1 events):
Event: 0.010 Loaded shared library C:\Users\user\.jdks\corretto-17.0.8.1\bin\java.dll

Deoptimization events (0 events):
No events

Classes unloaded (0 events):
No events

Classes redefined (0 events):
No events

Internal exceptions (0 events):
No events

VM Operations (0 events):
No events

Events (0 events):
No events


Dynamic libraries:
0x00007ff7e0eb0000 - 0x00007ff7e0ebd000 	C:\Users\user\.jdks\corretto-17.0.8.1\bin\java.exe
0x00007ffe76c30000 - 0x00007ffe76e27000 	C:\WINDOWS\SYSTEM32\ntdll.dll
0x00007ffe74df0000 - 0x00007ffe74ead000 	C:\WINDOWS\System32\KERNEL32.DLL
0x00007ffe74430000 - 0x00007ffe74726000 	C:\WINDOWS\System32\KERNELBASE.dll
0x00007ffe74a30000 - 0x00007ffe74b30000 	C:\WINDOWS\System32\ucrtbase.dll
0x00007ffe5bf20000 - 0x00007ffe5bf35000 	C:\Users\user\.jdks\corretto-17.0.8.1\bin\VCRUNTIME140.dll
0x00007ffe5a6b0000 - 0x00007ffe5a6c7000 	C:\Users\user\.jdks\corretto-17.0.8.1\bin\jli.dll
0x00007ffe766b0000 - 0x00007ffe7684e000 	C:\WINDOWS\System32\USER32.dll
0x00007ffe748e0000 - 0x00007ffe74902000 	C:\WINDOWS\System32\win32u.dll
0x00007ffe75840000 - 0x00007ffe7586c000 	C:\WINDOWS\System32\GDI32.dll
0x00007ffe74910000 - 0x00007ffe74a2a000 	C:\WINDOWS\System32\gdi32full.dll
0x00007ffe74840000 - 0x00007ffe748dd000 	C:\WINDOWS\System32\msvcp_win.dll
0x00007ffe65830000 - 0x00007ffe65aca000 	C:\WINDOWS\WinSxS\amd64_microsoft.windows.common-controls_6595b64144ccf1df_6.0.19041.3570_none_60bb2a3971f3e41a\COMCTL32.dll
0x00007ffe76610000 - 0x00007ffe766ae000 	C:\WINDOWS\System32\msvcrt.dll
0x00007ffe768e0000 - 0x00007ffe76910000 	C:\WINDOWS\System32\IMM32.DLL
0x00007ffe4dd80000 - 0x00007ffe4de1b000 	C:\Users\user\.jdks\corretto-17.0.8.1\bin\msvcp140.dll
0x00007ffe28a00000 - 0x00007ffe2961d000 	C:\Users\user\.jdks\corretto-17.0.8.1\bin\server\jvm.dll
0x00007ffe756e0000 - 0x00007ffe7578e000 	C:\WINDOWS\System32\ADVAPI32.dll
0x00007ffe76510000 - 0x00007ffe765ac000 	C:\WINDOWS\System32\sechost.dll
0x00007ffe755b0000 - 0x00007ffe756d6000 	C:\WINDOWS\System32\RPCRT4.dll
0x00007ffe74170000 - 0x00007ffe741bb000 	C:\WINDOWS\SYSTEM32\POWRPROF.dll
0x00007ffe6aa80000 - 0x00007ffe6aaa7000 	C:\WINDOWS\SYSTEM32\WINMM.dll
0x00007ffe6eaa0000 - 0x00007ffe6eaaa000 	C:\WINDOWS\SYSTEM32\VERSION.dll
0x00007ffe71af0000 - 0x00007ffe71af9000 	C:\WINDOWS\SYSTEM32\WSOCK32.dll
0x00007ffe76020000 - 0x00007ffe7608b000 	C:\WINDOWS\System32\WS2_32.dll
0x00007ffe74150000 - 0x00007ffe74162000 	C:\WINDOWS\SYSTEM32\UMPDC.dll
0x00007ffe72190000 - 0x00007ffe721a2000 	C:\WINDOWS\SYSTEM32\kernel.appcore.dll
0x00007ffe5bf10000 - 0x00007ffe5bf1a000 	C:\Users\user\.jdks\corretto-17.0.8.1\bin\jimage.dll
0x00007ffe6f990000 - 0x00007ffe6fb74000 	C:\WINDOWS\SYSTEM32\DBGHELP.DLL
0x00007ffe6f950000 - 0x00007ffe6f984000 	C:\WINDOWS\SYSTEM32\dbgcore.DLL
0x00007ffe74780000 - 0x00007ffe74802000 	C:\WINDOWS\System32\bcryptPrimitives.dll
0x00007ffe5a680000 - 0x00007ffe5a6a5000 	C:\Users\user\.jdks\corretto-17.0.8.1\bin\java.dll

dbghelp: loaded successfully - version: 4.0.5 - missing functions: none
symbol engine: initialized successfully - sym options: 0x614 - pdb path: .;C:\Users\user\.jdks\corretto-17.0.8.1\bin;C:\WINDOWS\SYSTEM32;C:\WINDOWS\WinSxS\amd64_microsoft.windows.common-controls_6595b64144ccf1df_6.0.19041.3570_none_60bb2a3971f3e41a;C:\Users\user\.jdks\corretto-17.0.8.1\bin\server

VM Arguments:
jvm_args: -Dorg.gradle.internal.worker.tmpdir=C:\study\frontend-backend-database-practice\build\tmp\test\work -Dorg.gradle.native=false -Xmx512m -Dfile.encoding=UTF-8 -Duser.country=KR -Duser.language=ko -Duser.variant -ea 
java_command: worker.org.gradle.process.internal.worker.GradleWorkerMain 'Gradle Test Executor 1'
java_class_path (initial): C:\\Users\\user\\.gradle\\caches\\8.4\\workerMain\\gradle-worker.jar;C:\\study\\frontend-backend-database-practice\\build\\classes\\java\\test;C:\\study\\frontend-backend-database-practice\\build\\classes\\java\\main;C:\\study\\frontend-backend-database-practice\\build\\resources\\main;C:\\Users\\user\\.gradle\\caches\\modules-2\\files-2.1\\org.springframework.boot\\spring-boot-starter-web\\2.7.17\\aeb473ae622bc61e5cd153384c0a57ff4a75b5b7\\spring-boot-starter-web-2.7.17.jar;C:\\Users\\user\\.gradle\\caches\\modules-2\\files-2.1\\org.apache.tomcat.embed\\tomcat-embed-jasper\\9.0.82\\37ff9682a7699938f918e04b86a6221446c706eb\\tomcat-embed-jasper-9.0.82.jar;C:\\Users\\user\\.gradle\\caches\\modules-2\\files-2.1\\javax.servlet\\jstl\\1.2\\74aca283cd4f4b4f3e425f5820cda58f44409547\\jstl-1.2.jar;C:\\Users\\user\\.gradle\\caches\\modules-2\\files-2.1\\org.mybatis.spring.boot\\mybatis-spring-boot-starter\\2.2.0\\1543d9566e2acaa7230cd8996237a291603ac21f\\mybatis-spring-boot-starter-2.2.0.jar;C:\\Users\\user\\.gradle\\caches\\modules-2\\files-2.1\\org.springframework.boot\\spring-boot-starter-oauth2-client\\2.7.17\\40dd429759c6166f5c3f6d39ac84ace98d087944\\spring-boot-starter-oauth2-client-2.7.17.jar;C:\\Users\\user\\.gradle\\caches\\modules-2\\files-2.1\\org.springframework.boot\\spring-boot-starter-tomcat\\2.7.17\\ff7e056a41de66c04c91fc5a937dfb85c4436a9c\\spring-boot-starter-tomcat-2.7.17.jar;C:\\Users\\user\\.gradle\\caches\\modules-2\\files-2.1\\com.mysql\\mysql-connector-j\\8.0.33\\9e64d997873abc4318620264703d3fdb6b02dd5a\\mysql-connector-j-8.0.33.jar;C:\\Users\\user\\.gradle\\caches\\modules-2\\files-2.1\\org.springframework.boot\\spring-boot-starter-test\\2.7.17\\84a9a6ce1c9962ce703447964693968f72e4c9db\\spring-boot-starter-test-2.7.17.jar;C:\\Users\\user\\.gradle\\caches\\modules-2\\files-2.1\\org.springframework.boot\\spring-boot-starter-json\\2.7.17\\a55883f776d124b1c25455d237292e3cb6ec0800\\spring-boot-starter-json-2.7.17.jar;C:\\Users\\u
Launcher Type: SUN_STANDARD

[Global flags]
     intx CICompilerCount                          = 4                                         {product} {ergonomic}
     uint ConcGCThreads                            = 3                                         {product} {ergonomic}
     uint G1ConcRefinementThreads                  = 10                                        {product} {ergonomic}
   size_t G1HeapRegionSize                         = 1048576                                   {product} {ergonomic}
    uintx GCDrainStackTargetSize                   = 64                                        {product} {ergonomic}
   size_t InitialHeapSize                          = 268435456                                 {product} {ergonomic}
   size_t MarkStackSize                            = 4194304                                   {product} {ergonomic}
   size_t MaxHeapSize                              = 536870912                                 {product} {command line}
   size_t MinHeapDeltaBytes                        = 1048576                                   {product} {ergonomic}
   size_t MinHeapSize                              = 8388608                                   {product} {ergonomic}
    uintx NonNMethodCodeHeapSize                   = 5839372                                {pd product} {ergonomic}
    uintx NonProfiledCodeHeapSize                  = 122909434                              {pd product} {ergonomic}
    uintx ProfiledCodeHeapSize                     = 122909434                              {pd product} {ergonomic}
    uintx ReservedCodeCacheSize                    = 251658240                              {pd product} {ergonomic}
     bool SegmentedCodeCache                       = true                                      {product} {ergonomic}
   size_t SoftMaxHeapSize                          = 536870912                              {manageable} {ergonomic}
     bool UseCompressedClassPointers               = true                           {product lp64_product} {ergonomic}
     bool UseCompressedOops                        = true                           {product lp64_product} {ergonomic}
     bool UseG1GC                                  = true                                      {product} {ergonomic}
     bool UseLargePagesIndividualAllocation        = false                                  {pd product} {ergonomic}

Logging:
Log output configuration:
 #0: stdout all=warning uptime,level,tags
 #1: stderr all=off uptime,level,tags

Environment Variables:
JAVA_HOME=C:\Program Files\Java\jdk-11
PATH=C:\Program Files\Common Files\Oracle\Java\javapath;C:\oraclexe\app\oracle\product\11.2.0\server\bin;"C:\ProgramData\Oracle\Java\javapath;C:\Program Files\Java\jdk1.8.0_151\bin";C:\WINDOWS\system32;C:\WINDOWS;C:\WINDOWS\System32\Wbem;C:\WINDOWS\System32\WindowsPowerShell\v1.0\;C:\WINDOWS\System32\OpenSSH\;C:\Program Files\Java\jdk1.8.0_281\bin;C:\Program Files\MySQL\MySQL Server 5.6\bin;C:\Program Files\Git\cmd;C:\Program Files\Perforce\;C:\Program Files\Bandizip\;C:\Program Files\Java\jdk-11\bin;C:\Users\user\AppData\Local\Microsoft\WindowsApps;;C:\Program Files\JetBrains\IntelliJ IDEA 2022.3\bin;;C:\Users\user\AppData\Local\Programs\Microsoft VS Code\bin
USERNAME=user
OS=Windows_NT
PROCESSOR_IDENTIFIER=Intel64 Family 6 Model 165 Stepping 3, GenuineIntel
TMP=C:\Users\user\AppData\Local\Temp
TEMP=C:\Users\user\AppData\Local\Temp



---------------  S Y S T E M  ---------------

OS:
 Windows 10 , 64 bit Build 19041 (10.0.19041.3570)
OS uptime: 0 days 17:55 hours
Hyper-V role detected

CPU: total 12 (initial active 12) (6 cores per cpu, 2 threads per core) family 6 model 165 stepping 3 microcode 0xcc, cx8, cmov, fxsr, ht, mmx, 3dnowpref, sse, sse2, sse3, ssse3, sse4.1, sse4.2, popcnt, lzcnt, tsc, tscinvbit, avx, avx2, aes, erms, clmul, bmi1, bmi2, adx, fma, vzeroupper, clflush, clflushopt, hv
Processor Information for all 12 processors :
  Max Mhz: 2904, Current Mhz: 2904, Mhz Limit: 2904

Memory: 4k page, system-wide physical 16317M (3869M free)
TotalPageFile size 16317M (AvailPageFile size 15M)
current process WorkingSet (physical memory assigned to process): 10M, peak: 10M
current process commit charge ("private bytes"): 63M, peak: 319M

vm_info: OpenJDK 64-Bit Server VM (17.0.8.1+8-LTS) for windows-amd64 JRE (17.0.8.1+8-LTS), built on Aug 19 2023 03:47:39 by "Administrator" with MS VC++ 15.9 (VS2017)

END.
