#
# There is insufficient memory for the Java Runtime Environment to continue.
# Native memory allocation (mmap) failed to map 268435456 bytes for G1 virtual space
# Possible reasons:
#   The system is out of physical RAM or swap space
#   The process is running with CompressedOops enabled, and the Java Heap may be blocking the growth of the native heap
# Possible solutions:
#   Reduce memory load on the system
#   Increase physical memory or swap space
#   Check if swap backing store is full
#   Decrease Java heap size (-Xmx/-Xms)
#   Decrease number of Java threads
#   Decrease Java thread stack sizes (-Xss)
#   Set larger code cache with -XX:ReservedCodeCacheSize=
#   JVM is running with Zero Based Compressed Oops mode in which the Java heap is
#     placed in the first 32GB address space. The Java Heap base address is the
#     maximum limit for the native heap growth. Please use -XX:HeapBaseMinAddress
#     to set the Java Heap base and to place the Java Heap above 32GB virtual address.
# This output file may be truncated or incomplete.
#
#  Out of Memory Error (os_windows.cpp:3760), pid=16300, tid=472
#
# JRE version:  (17.0.5+1) (build )
# Java VM: OpenJDK 64-Bit Server VM (17.0.5+1-b653.14, mixed mode, sharing, tiered, compressed oops, compressed class ptrs, g1 gc, windows-amd64)
# No core dump will be written. Minidumps are not enabled by default on client versions of Windows
#

---------------  S U M M A R Y ------------

Command Line: git4idea.http.GitAskPassApp Username for 'https://github.com': 

Host: Intel(R) Core(TM) i5-10400F CPU @ 2.90GHz, 12 cores, 15G,  Windows 10 , 64 bit Build 19041 (10.0.19041.3570)
Time: Tue Nov 14 00:23:25 2023  Windows 10 , 64 bit Build 19041 (10.0.19041.3570) elapsed time: 0.013310 seconds (0d 0h 0m 0s)

---------------  T H R E A D  ---------------

Current thread (0x0000011234c9b4f0):  JavaThread "Unknown thread" [_thread_in_vm, id=472, stack(0x0000000131a00000,0x0000000131b00000)]

Stack: [0x0000000131a00000,0x0000000131b00000]
Native frames: (J=compiled Java code, j=interpreted, Vv=VM code, C=native code)
V  [jvm.dll+0x6830ca]
V  [jvm.dll+0x83f4c4]
V  [jvm.dll+0x840c6e]
V  [jvm.dll+0x8412d3]
V  [jvm.dll+0x2490b5]
V  [jvm.dll+0x67ff99]
V  [jvm.dll+0x6744aa]
V  [jvm.dll+0x308f2b]
V  [jvm.dll+0x3103e6]
V  [jvm.dll+0x36013e]
V  [jvm.dll+0x36036f]
V  [jvm.dll+0x2df018]
V  [jvm.dll+0x2dff84]
V  [jvm.dll+0x810d91]
V  [jvm.dll+0x36df31]
V  [jvm.dll+0x7f028c]
V  [jvm.dll+0x3f0cbf]
V  [jvm.dll+0x3f2801]
C  [jli.dll+0x526b]
C  [ucrtbase.dll+0x21bb2]
C  [KERNEL32.DLL+0x17344]
C  [ntdll.dll+0x526b1]


---------------  P R O C E S S  ---------------

Threads class SMR info:
_java_thread_list=0x00007ffc68df8f98, length=0, elements={
}

Java Threads: ( => current thread )

Other Threads:
  0x0000011234d09b80 GCTaskThread "GC Thread#0" [stack: 0x0000000131b00000,0x0000000131c00000] [id=12948]
  0x0000011234d1b9d0 ConcurrentGCThread "G1 Main Marker" [stack: 0x0000000131c00000,0x0000000131d00000] [id=2372]
  0x0000011234d1c3e0 ConcurrentGCThread "G1 Conc#0" [stack: 0x0000000131d00000,0x0000000131e00000] [id=9740]

[error occurred during error reporting (printing all threads), id 0xc0000005, EXCEPTION_ACCESS_VIOLATION (0xc0000005) at pc=0x00007ffc685afbd7]

VM state: not at safepoint (not fully initialized)

VM Mutex/Monitor currently owned by a thread:  ([mutex/lock_event])
[0x0000011234c957a0] Heap_lock - owner thread: 0x0000011234c9b4f0

Heap address: 0x0000000701000000, size: 4080 MB, Compressed Oops mode: Zero based, Oop shift amount: 3

CDS archive(s) mapped at: [0x0000000000000000-0x0000000000000000-0x0000000000000000), size 0, SharedBaseAddress: 0x0000000800000000, ArchiveRelocationMode: 0.
Narrow klass base: 0x0000000000000000, Narrow klass shift: 0, Narrow klass range: 0x0

GC Precious Log:
<Empty>

Heap:
 garbage-first heap   total 0K, used 0K [0x0000000701000000, 0x0000000800000000)
  region size 2048K, 0 young (0K), 0 survivors (0K)

[error occurred during error reporting (printing heap information), id 0xc0000005, EXCEPTION_ACCESS_VIOLATION (0xc0000005) at pc=0x00007ffc6899cd59]

GC Heap History (0 events):
No events

Dll operation events (1 events):
Event: 0.010 Loaded shared library C:\Program Files\JetBrains\IntelliJ IDEA 2022.3\jbr\bin\java.dll

Deoptimization events (0 events):
No events

Classes unloaded (0 events):
No events

Classes redefined (0 events):
No events

Internal exceptions (0 events):
No events

VM Operations (0 events):
No events

Events (0 events):
No events


Dynamic libraries:
0x00007ff7cbfb0000 - 0x00007ff7cbfba000 	C:\Program Files\JetBrains\IntelliJ IDEA 2022.3\jbr\bin\java.exe
0x00007ffcca9f0000 - 0x00007ffccabe7000 	C:\WINDOWS\SYSTEM32\ntdll.dll
0x00007ffcc9690000 - 0x00007ffcc974d000 	C:\WINDOWS\System32\KERNEL32.DLL
0x00007ffcc80d0000 - 0x00007ffcc83c6000 	C:\WINDOWS\System32\KERNELBASE.dll
0x00007ffcc8460000 - 0x00007ffcc8560000 	C:\WINDOWS\System32\ucrtbase.dll
0x00007ffcae8a0000 - 0x00007ffcae8b7000 	C:\Program Files\JetBrains\IntelliJ IDEA 2022.3\jbr\bin\jli.dll
0x00007ffcae5e0000 - 0x00007ffcae5fb000 	C:\Program Files\JetBrains\IntelliJ IDEA 2022.3\jbr\bin\VCRUNTIME140.dll
0x00007ffcc9cf0000 - 0x00007ffcc9e8e000 	C:\WINDOWS\System32\USER32.dll
0x00007ffcc86e0000 - 0x00007ffcc8702000 	C:\WINDOWS\System32\win32u.dll
0x00007ffcc9430000 - 0x00007ffcc945c000 	C:\WINDOWS\System32\GDI32.dll
0x00007ffcc8710000 - 0x00007ffcc882a000 	C:\WINDOWS\System32\gdi32full.dll
0x00007ffcc8560000 - 0x00007ffcc85fd000 	C:\WINDOWS\System32\msvcp_win.dll
0x00007ffcba810000 - 0x00007ffcbaaaa000 	C:\WINDOWS\WinSxS\amd64_microsoft.windows.common-controls_6595b64144ccf1df_6.0.19041.3570_none_60bb2a3971f3e41a\COMCTL32.dll
0x00007ffcc8bf0000 - 0x00007ffcc8c8e000 	C:\WINDOWS\System32\msvcrt.dll
0x00007ffcc9660000 - 0x00007ffcc9690000 	C:\WINDOWS\System32\IMM32.DLL
0x00007ffcae870000 - 0x00007ffcae87c000 	C:\Program Files\JetBrains\IntelliJ IDEA 2022.3\jbr\bin\vcruntime140_1.dll
0x00007ffca0180000 - 0x00007ffca020d000 	C:\Program Files\JetBrains\IntelliJ IDEA 2022.3\jbr\bin\msvcp140.dll
0x00007ffc682c0000 - 0x00007ffc68f2b000 	C:\Program Files\JetBrains\IntelliJ IDEA 2022.3\jbr\bin\server\jvm.dll
0x00007ffcca010000 - 0x00007ffcca0be000 	C:\WINDOWS\System32\ADVAPI32.dll
0x00007ffcc8ac0000 - 0x00007ffcc8b5c000 	C:\WINDOWS\System32\sechost.dll
0x00007ffcca130000 - 0x00007ffcca256000 	C:\WINDOWS\System32\RPCRT4.dll
0x00007ffcc3ab0000 - 0x00007ffcc3ab9000 	C:\WINDOWS\SYSTEM32\WSOCK32.dll
0x00007ffcc8ef0000 - 0x00007ffcc8f5b000 	C:\WINDOWS\System32\WS2_32.dll
0x00007ffcbda00000 - 0x00007ffcbda27000 	C:\WINDOWS\SYSTEM32\WINMM.dll
0x00007ffcc2b60000 - 0x00007ffcc2b6a000 	C:\WINDOWS\SYSTEM32\VERSION.dll
0x00007ffcc5f50000 - 0x00007ffcc5f62000 	C:\WINDOWS\SYSTEM32\kernel.appcore.dll
0x00007ffcc3d70000 - 0x00007ffcc3d7a000 	C:\Program Files\JetBrains\IntelliJ IDEA 2022.3\jbr\bin\jimage.dll
0x00007ffcbd000000 - 0x00007ffcbd1e4000 	C:\WINDOWS\SYSTEM32\DBGHELP.DLL
0x00007ffcafe60000 - 0x00007ffcafe94000 	C:\WINDOWS\SYSTEM32\dbgcore.DLL
0x00007ffcc83d0000 - 0x00007ffcc8452000 	C:\WINDOWS\System32\bcryptPrimitives.dll
0x00007ffcbff20000 - 0x00007ffcbff45000 	C:\Program Files\JetBrains\IntelliJ IDEA 2022.3\jbr\bin\java.dll

dbghelp: loaded successfully - version: 4.0.5 - missing functions: none
symbol engine: initialized successfully - sym options: 0x614 - pdb path: .;C:\Program Files\JetBrains\IntelliJ IDEA 2022.3\jbr\bin;C:\WINDOWS\SYSTEM32;C:\WINDOWS\WinSxS\amd64_microsoft.windows.common-controls_6595b64144ccf1df_6.0.19041.3570_none_60bb2a3971f3e41a;C:\Program Files\JetBrains\IntelliJ IDEA 2022.3\jbr\bin\server

VM Arguments:
java_command: git4idea.http.GitAskPassApp Username for 'https://github.com': 
java_class_path (initial): C:/Program Files/JetBrains/IntelliJ IDEA 2022.3/plugins/vcs-git/lib/git4idea-rt.jar;C:/Program Files/JetBrains/IntelliJ IDEA 2022.3/lib/externalProcess-rt.jar;C:/Program Files/JetBrains/IntelliJ IDEA 2022.3/lib/app.jar;C:/Program Files/JetBrains/IntelliJ IDEA 2022.3/lib/3rd-party-rt.jar
Launcher Type: SUN_STANDARD

[Global flags]
     intx CICompilerCount                          = 4                                         {product} {ergonomic}
     uint ConcGCThreads                            = 3                                         {product} {ergonomic}
     uint G1ConcRefinementThreads                  = 10                                        {product} {ergonomic}
   size_t G1HeapRegionSize                         = 2097152                                   {product} {ergonomic}
    uintx GCDrainStackTargetSize                   = 64                                        {product} {ergonomic}
   size_t InitialHeapSize                          = 268435456                                 {product} {ergonomic}
   size_t MarkStackSize                            = 4194304                                   {product} {ergonomic}
   size_t MaxHeapSize                              = 4278190080                                {product} {ergonomic}
   size_t MinHeapDeltaBytes                        = 2097152                                   {product} {ergonomic}
   size_t MinHeapSize                              = 8388608                                   {product} {ergonomic}
    uintx NonNMethodCodeHeapSize                   = 5839372                                {pd product} {ergonomic}
    uintx NonProfiledCodeHeapSize                  = 122909434                              {pd product} {ergonomic}
    uintx ProfiledCodeHeapSize                     = 122909434                              {pd product} {ergonomic}
    uintx ReservedCodeCacheSize                    = 251658240                              {pd product} {ergonomic}
     bool SegmentedCodeCache                       = true                                      {product} {ergonomic}
   size_t SoftMaxHeapSize                          = 4278190080                             {manageable} {ergonomic}
     bool UseCompressedClassPointers               = true                           {product lp64_product} {ergonomic}
     bool UseCompressedOops                        = true                           {product lp64_product} {ergonomic}
     bool UseG1GC                                  = true                                      {product} {ergonomic}
     bool UseLargePagesIndividualAllocation        = false                                  {pd product} {ergonomic}

Logging:
Log output configuration:
 #0: stdout all=warning uptime,level,tags
 #1: stderr all=off uptime,level,tags

Environment Variables:
JAVA_HOME=C:\Program Files\Java\jdk-11
PATH=C:\Program Files\Git\mingw64\libexec\git-core;C:\Program Files\Git\mingw64\libexec\git-core;C:\Program Files\Git\mingw64\bin;C:\Program Files\Git\usr\bin;C:\Users\user\bin;C:\Program Files\Common Files\Oracle\Java\javapath;C:\oraclexe\app\oracle\product\11.2.0\server\bin;C:\ProgramData\Oracle\Java\javapat;C:\Program Files\Java\jdk1.8.0_151\bin";C:\WINDOWS\system32;C:\WINDOWS;C:\WINDOWS\System32\Wbem;C:\WINDOWS\System32\WindowsPowerShell\v1.0;C:\WINDOWS\System32\OpenSSH;C:\Program Files\Java\jdk1.8.0_281\bin;C:\Program Files\MySQL\MySQL Server 5.6\bin;C:\Program Files\Git\cmd;C:\Program Files\Perforce;C:\Program Files\Bandizip;C:\Program Files\Java\jdk-11\bin;C:\Users\user\AppData\Local\Microsoft\WindowsApps;C:\Program Files\JetBrains\IntelliJ IDEA 2022.3\bin;C:\Users\user\AppData\Local\Programs\Microsoft VS Code\bin;C:\Program Files (x86)\ESTsoft\ALSee\x64
USERNAME=user
DISPLAY=:0.0
LC_ALL=en_US.UTF-8
TERM=cygwin
TMPDIR=C:\Users\user\AppData\Local\Temp
OS=Windows_NT
PROCESSOR_IDENTIFIER=Intel64 Family 6 Model 165 Stepping 3, GenuineIntel
TMP=C:\Users\user\AppData\Local\Temp
TEMP=C:\Users\user\AppData\Local\Temp



---------------  S Y S T E M  ---------------

OS:
 Windows 10 , 64 bit Build 19041 (10.0.19041.3570)
OS uptime: 0 days 17:29 hours
Hyper-V role detected

CPU: total 12 (initial active 12) (6 cores per cpu, 2 threads per core) family 6 model 165 stepping 3 microcode 0xcc, cx8, cmov, fxsr, ht, mmx, 3dnowpref, sse, sse2, sse3, ssse3, sse4.1, sse4.2, popcnt, lzcnt, tsc, tscinvbit, avx, avx2, aes, erms, clmul, bmi1, bmi2, adx, fma, vzeroupper, clflush, clflushopt, hv

Memory: 4k page, system-wide physical 16317M (4069M free)
TotalPageFile size 16317M (AvailPageFile size 31M)
current process WorkingSet (physical memory assigned to process): 10M, peak: 10M
current process commit charge ("private bytes"): 64M, peak: 320M

vm_info: OpenJDK 64-Bit Server VM (17.0.5+1-b653.14) for windows-amd64 JRE (17.0.5+1-b653.14), built on 2022-11-10 by "builduser" with MS VC++ 16.10 / 16.11 (VS2019)

END.
